<?xml version="1.0" encoding="UTF-8"?>
<testsuite xmlns:xsi="http://www.w3.org/2001/XMLSchema-instance" xsi:noNamespaceSchemaLocation="https://maven.apache.org/surefire/maven-surefire-plugin/xsd/surefire-test-report-3.0.xsd" version="3.0" name="com.simplesplit.service.TransactionServiceTest" time="6.808" tests="1" errors="0" skipped="0" failures="0">
  <properties>
[...]
</properties>
  <testcase name="testCreateTransactionAndBalance" classname="com.simplesplit.service.TransactionServiceTest" time="0.992">
    <system-out><![CDATA[10:48:59.369 [main] INFO org.springframework.test.context.support.AnnotationConfigContextLoaderUtils -- Could not detect default configuration classes for test class [com.simplesplit.service.TransactionServiceTest]: TransactionServiceTest does not declare any static, non-private, non-final, nested classes annotated with @Configuration.
10:48:59.490 [main] INFO org.springframework.boot.test.context.SpringBootTestContextBootstrapper -- Found @SpringBootConfiguration com.simplesplit.SimpleSplitApp for test class com.simplesplit.service.TransactionServiceTest

  .   ____          _            __ _ _
 /\\ / ___'_ __ _ _(_)_ __  __ _ \ \ \ \
( ( )\___ | '_ | '_| | '_ \/ _` | \ \ \ \
 \\/  ___)| |_)| | | | | || (_| |  ) ) ) )
  '  |____| .__|_| |_|_| |_\__, | / / / /
 =========|_|==============|___/=/_/_/_/
 :: Spring Boot ::                (v3.2.0)

2026-01-28T10:49:00.047Z  INFO 12641 --- [SimpleSplit] [           main] c.s.service.TransactionServiceTest       : Starting TransactionServiceTest using Java 21.0.9 with PID 12641 (started by jules in /app)
2026-01-28T10:49:00.049Z  INFO 12641 --- [SimpleSplit] [           main] c.s.service.TransactionServiceTest       : No active profile set, falling back to 1 default profile: "default"
2026-01-28T10:49:01.177Z  INFO 12641 --- [SimpleSplit] [           main] .s.d.r.c.RepositoryConfigurationDelegate : Bootstrapping Spring Data JPA repositories in DEFAULT mode.
2026-01-28T10:49:01.254Z  INFO 12641 --- [SimpleSplit] [           main] .s.d.r.c.RepositoryConfigurationDelegate : Finished Spring Data repository scanning in 64 ms. Found 3 JPA repository interfaces.
2026-01-28T10:49:01.812Z  INFO 12641 --- [SimpleSplit] [           main] o.hibernate.jpa.internal.util.LogHelper  : HHH000204: Processing PersistenceUnitInfo [name: default]
2026-01-28T10:49:01.882Z  INFO 12641 --- [SimpleSplit] [           main] org.hibernate.Version                    : HHH000412: Hibernate ORM core version 6.3.1.Final
2026-01-28T10:49:01.926Z  INFO 12641 --- [SimpleSplit] [           main] o.h.c.internal.RegionFactoryInitiator    : HHH000026: Second-level cache disabled
2026-01-28T10:49:02.249Z  INFO 12641 --- [SimpleSplit] [           main] o.s.o.j.p.SpringPersistenceUnitInfo      : No LoadTimeWeaver setup: ignoring JPA class transformer
2026-01-28T10:49:02.285Z  INFO 12641 --- [SimpleSplit] [           main] com.zaxxer.hikari.HikariDataSource       : HikariPool-1 - Starting...
2026-01-28T10:49:02.636Z  INFO 12641 --- [SimpleSplit] [           main] com.zaxxer.hikari.pool.HikariPool        : HikariPool-1 - Added connection conn0: url=jdbc:h2:mem:simplesplit user=SA
2026-01-28T10:49:02.639Z  INFO 12641 --- [SimpleSplit] [           main] com.zaxxer.hikari.HikariDataSource       : HikariPool-1 - Start completed.
2026-01-28T10:49:02.679Z  WARN 12641 --- [SimpleSplit] [           main] org.hibernate.orm.deprecation            : HHH90000025: H2Dialect does not need to be specified explicitly using 'hibernate.dialect' (remove the property setting and it will be selected by default)
2026-01-28T10:49:03.757Z  INFO 12641 --- [SimpleSplit] [           main] o.h.e.t.j.p.i.JtaPlatformInitiator       : HHH000489: No JTA platform available (set 'hibernate.transaction.jta.platform' to enable JTA platform integration)
Hibernate:
    create table split_rules (
        id bigint generated by default as identity,
        amount numeric(38,2) not null,
        transaction_id bigint not null,
        user_id bigint not null,
        primary key (id)
    )
Hibernate:
    create table transactions (
        id bigint generated by default as identity,
        amount numeric(38,2) not null,
        date date not null,
        description varchar(255),
        payer_id bigint not null,
        primary key (id)
    )
Hibernate:
    create table users (
        id bigint generated by default as identity,
        created_at timestamp(6),
        email varchar(255) not null,
        username varchar(255) not null,
        primary key (id)
    )
Hibernate:
    alter table if exists users
       drop constraint if exists UK_6dotkott2kjsp8vw4d0m25fb7
Hibernate:
    alter table if exists users
       add constraint UK_6dotkott2kjsp8vw4d0m25fb7 unique (email)
Hibernate:
    alter table if exists users
       drop constraint if exists UK_r43af9ap4edm43mmtq01oddj6
Hibernate:
    alter table if exists users
       add constraint UK_r43af9ap4edm43mmtq01oddj6 unique (username)
Hibernate:
    alter table if exists split_rules
       add constraint FK9so62cgtx2hmeb66c6maomagp
       foreign key (transaction_id)
       references transactions
Hibernate:
    alter table if exists split_rules
       add constraint FK4dpfpwcgstmvqy0sqf79q9psf
       foreign key (user_id)
       references users
Hibernate:
    alter table if exists transactions
       add constraint FK1grbegsy5x0g168mo784c6nrc
       foreign key (payer_id)
       references users
2026-01-28T10:49:03.848Z  INFO 12641 --- [SimpleSplit] [           main] j.LocalContainerEntityManagerFactoryBean : Initialized JPA EntityManagerFactory for persistence unit 'default'
2026-01-28T10:49:04.533Z  WARN 12641 --- [SimpleSplit] [           main] JpaBaseConfiguration$JpaWebConfiguration : spring.jpa.open-in-view is enabled by default. Therefore, database queries may be performed during view rendering. Explicitly configure spring.jpa.open-in-view to disable this warning
2026-01-28T10:49:04.904Z  INFO 12641 --- [SimpleSplit] [           main] o.s.b.a.h2.H2ConsoleAutoConfiguration    : H2 console available at '/h2-console'. Database available at 'jdbc:h2:mem:simplesplit'
2026-01-28T10:49:04.959Z  INFO 12641 --- [SimpleSplit] [           main] c.s.service.TransactionServiceTest       : Started TransactionServiceTest in 5.321 seconds (process running for 6.414)
Hibernate:
    insert
    into
        users
        (created_at, email, username, id)
    values
        (?, ?, ?, default)
Hibernate:
    insert
    into
        users
        (created_at, email, username, id)
    values
        (?, ?, ?, default)
Hibernate:
    insert
    into
        transactions
        (amount, date, description, payer_id, id)
    values
        (?, ?, ?, ?, default)
Hibernate:
    select
        u1_0.id,
        u1_0.created_at,
        u1_0.email,
        u1_0.username
    from
        users u1_0
Hibernate:
    select
        t1_0.id,
        t1_0.amount,
        t1_0.date,
        t1_0.description,
        t1_0.payer_id
    from
        transactions t1_0
    where
        t1_0.payer_id=?
Hibernate:
    select
        sr1_0.id,
        sr1_0.amount,
        sr1_0.transaction_id,
        sr1_0.user_id
    from
        split_rules sr1_0
    where
        sr1_0.user_id=?
Hibernate:
    select
        t1_0.id,
        t1_0.amount,
        t1_0.date,
        t1_0.description,
        t1_0.payer_id
    from
        transactions t1_0
    where
        t1_0.payer_id=?
Hibernate:
    select
        sr1_0.id,
        sr1_0.amount,
        sr1_0.transaction_id,
        sr1_0.user_id
    from
        split_rules sr1_0
    where
        sr1_0.user_id=?
]]></system-out>
    <system-err><![CDATA[WARNING: A Java agent has been loaded dynamically (/home/jules/.m2/repository/net/bytebuddy/byte-buddy-agent/1.14.10/byte-buddy-agent-1.14.10.jar)
WARNING: If a serviceability tool is in use, please run with -XX:+EnableDynamicAgentLoading to hide this warning
WARNING: If a serviceability tool is not in use, please run with -Djdk.instrument.traceUsage for more information
WARNING: Dynamic loading of agents will be disallowed by default in a future release
]]></system-err>
  </testcase>
</testsuite>